0 info it worked if it ends with ok
1 verbose cli [ '/usr/bin/node', '/usr/bin/npm', 'install', 'bower', '-g' ]
2 info using npm@1.4.28
3 info using node@v0.10.37
4 verbose node symlink /usr/bin/node
5 verbose cache add [ 'bower', null ]
6 verbose cache add name=undefined spec="bower" args=["bower",null]
7 verbose parsed url { protocol: null,
7 verbose parsed url   slashes: null,
7 verbose parsed url   auth: null,
7 verbose parsed url   host: null,
7 verbose parsed url   port: null,
7 verbose parsed url   hostname: null,
7 verbose parsed url   hash: null,
7 verbose parsed url   search: null,
7 verbose parsed url   query: null,
7 verbose parsed url   pathname: 'bower',
7 verbose parsed url   path: 'bower',
7 verbose parsed url   href: 'bower' }
8 silly lockFile 206e3ce5-bower bower
9 verbose lock bower /home/vinh/.npm/206e3ce5-bower.lock
10 silly lockFile 206e3ce5-bower bower
11 silly lockFile 206e3ce5-bower bower
12 verbose addNamed [ 'bower', '' ]
13 verbose addNamed [ null, '*' ]
14 silly lockFile 1240aab1-bower bower@
15 verbose lock bower@ /home/vinh/.npm/1240aab1-bower.lock
16 silly addNameRange { name: 'bower', range: '*', hasData: false }
17 verbose request where is /bower
18 verbose request registry https://registry.npmjs.org/
19 verbose request id 707629518c938751
20 verbose url raw /bower
21 verbose url resolving [ 'https://registry.npmjs.org/', './bower' ]
22 verbose url resolved https://registry.npmjs.org/bower
23 verbose request where is https://registry.npmjs.org/bower
24 info trying registry request attempt 1 at 18:43:07
25 http GET https://registry.npmjs.org/bower
26 http 200 https://registry.npmjs.org/bower
27 silly registry.get cb [ 200,
27 silly registry.get   { server: 'nginx/1.10.1',
27 silly registry.get     'content-type': 'application/json',
27 silly registry.get     'last-modified': 'Mon, 30 Oct 2017 10:21:03 GMT',
27 silly registry.get     etag: 'W/"59f6fd0f-30039"',
27 silly registry.get     'content-encoding': 'gzip',
27 silly registry.get     'cache-control': 'max-age=300',
27 silly registry.get     'content-length': '17420',
27 silly registry.get     'accept-ranges': 'bytes',
27 silly registry.get     date: 'Tue, 07 Nov 2017 11:43:14 GMT',
27 silly registry.get     via: '1.1 varnish',
27 silly registry.get     age: '0',
27 silly registry.get     connection: 'keep-alive',
27 silly registry.get     'x-served-by': 'cache-hkg17933-HKG',
27 silly registry.get     'x-cache': 'HIT',
27 silly registry.get     'x-cache-hits': '1',
27 silly registry.get     'x-timer': 'S1510054994.425033,VS0,VE174',
27 silly registry.get     vary: 'Accept-Encoding, Accept' } ]
28 silly addNameRange number 2 { name: 'bower', range: '*', hasData: true }
29 silly addNameRange versions [ 'bower',
29 silly addNameRange   [ '0.1.0',
29 silly addNameRange     '0.1.2',
29 silly addNameRange     '0.1.3',
29 silly addNameRange     '0.2.0',
29 silly addNameRange     '0.3.0',
29 silly addNameRange     '0.3.1',
29 silly addNameRange     '0.3.2',
29 silly addNameRange     '0.4.0',
29 silly addNameRange     '0.5.0',
29 silly addNameRange     '0.5.1',
29 silly addNameRange     '0.6.0',
29 silly addNameRange     '0.6.1',
29 silly addNameRange     '0.6.2',
29 silly addNameRange     '0.6.3',
29 silly addNameRange     '0.6.4',
29 silly addNameRange     '0.6.5',
29 silly addNameRange     '0.6.6',
29 silly addNameRange     '0.6.7',
29 silly addNameRange     '0.6.8',
29 silly addNameRange     '0.7.0',
29 silly addNameRange     '0.7.1',
29 silly addNameRange     '0.8.0',
29 silly addNameRange     '0.8.1',
29 silly addNameRange     '0.8.2',
29 silly addNameRange     '0.8.3',
29 silly addNameRange     '0.8.4',
29 silly addNameRange     '0.8.5',
29 silly addNameRange     '0.8.6',
29 silly addNameRange     '0.9.0',
29 silly addNameRange     '0.9.1',
29 silly addNameRange     '0.9.2',
29 silly addNameRange     '0.10.0',
29 silly addNameRange     '1.0.0',
29 silly addNameRange     '1.0.1',
29 silly addNameRange     '1.0.2',
29 silly addNameRange     '1.0.3',
29 silly addNameRange     '1.1.0',
29 silly addNameRange     '1.1.1',
29 silly addNameRange     '1.1.2',
29 silly addNameRange     '1.2.0',
29 silly addNameRange     '1.2.1',
29 silly addNameRange     '1.2.2',
29 silly addNameRange     '1.2.3',
29 silly addNameRange     '1.2.4',
29 silly addNameRange     '1.2.5',
29 silly addNameRange     '1.2.6',
29 silly addNameRange     '1.2.7',
29 silly addNameRange     '1.2.8',
29 silly addNameRange     '1.3.0',
29 silly addNameRange     '1.3.1',
29 silly addNameRange     '1.3.2',
29 silly addNameRange     '1.3.3',
29 silly addNameRange     '1.3.4',
29 silly addNameRange     '1.3.5',
29 silly addNameRange     '1.3.6',
29 silly addNameRange     '1.3.7',
29 silly addNameRange     '1.3.8',
29 silly addNameRange     '1.3.9',
29 silly addNameRange     '1.3.10',
29 silly addNameRange     '1.3.11',
29 silly addNameRange     '1.3.12',
29 silly addNameRange     '1.4.0',
29 silly addNameRange     '1.4.1',
29 silly addNameRange     '1.5.0',
29 silly addNameRange     '1.5.1',
29 silly addNameRange     '1.5.2',
29 silly addNameRange     '1.5.3',
29 silly addNameRange     '1.6.2',
29 silly addNameRange     '1.6.3',
29 silly addNameRange     '1.6.4',
29 silly addNameRange     '1.6.5',
29 silly addNameRange     '1.5.4',
29 silly addNameRange     '1.4.2',
29 silly addNameRange     '1.6.6',
29 silly addNameRange     '1.6.7',
29 silly addNameRange     '1.6.8',
29 silly addNameRange     '1.6.9',
29 silly addNameRange     '1.7.0',
29 silly addNameRange     '1.7.1',
29 silly addNameRange     '1.7.2',
29 silly addNameRange     '1.7.5',
29 silly addNameRange     '1.7.6',
29 silly addNameRange     '1.7.7',
29 silly addNameRange     '1.7.8',
29 silly addNameRange     '1.7.9',
29 silly addNameRange     '1.8.0',
29 silly addNameRange     '1.8.2',
29 silly addNameRange     '1.7.10' ] ]
30 verbose addNamed [ 'bower', '1.8.2' ]
31 verbose addNamed [ '1.8.2', '1.8.2' ]
32 silly lockFile cda5917f-bower-1-8-2 bower@1.8.2
33 verbose lock bower@1.8.2 /home/vinh/.npm/cda5917f-bower-1-8-2.lock
34 warn deprecated bower@1.8.2: ...psst! Your project can stop working at any moment because its dependencies can change. Prevent this by migrating to Yarn: https://bower.io/blog/2017/how-to-migrate-away-from-bower/
35 silly lockFile 34c7bf29--npmjs-org-bower-bower-1-8-2-tgz https://registry.npmjs.org/bower/-/bower-1.8.2.tgz
36 verbose lock https://registry.npmjs.org/bower/-/bower-1.8.2.tgz /home/vinh/.npm/34c7bf29--npmjs-org-bower-bower-1-8-2-tgz.lock
37 verbose addRemoteTarball [ 'https://registry.npmjs.org/bower/-/bower-1.8.2.tgz',
37 verbose addRemoteTarball   'adf53529c8d4af02ef24fb8d5341c1419d33e2f7' ]
38 info retry fetch attempt 1 at 18:43:17
39 verbose fetch to= /tmp/npm-2985-LpNlqIhY/registry.npmjs.org/bower/-/bower-1.8.2.tgz
40 http GET https://registry.npmjs.org/bower/-/bower-1.8.2.tgz
41 http 200 https://registry.npmjs.org/bower/-/bower-1.8.2.tgz
42 silly lockFile 34c7bf29--npmjs-org-bower-bower-1-8-2-tgz https://registry.npmjs.org/bower/-/bower-1.8.2.tgz
43 silly lockFile 34c7bf29--npmjs-org-bower-bower-1-8-2-tgz https://registry.npmjs.org/bower/-/bower-1.8.2.tgz
44 silly lockFile cda5917f-bower-1-8-2 bower@1.8.2
45 silly lockFile cda5917f-bower-1-8-2 bower@1.8.2
46 silly lockFile 1240aab1-bower bower@
47 silly lockFile 1240aab1-bower bower@
48 silly resolved [ { name: 'bower',
48 silly resolved     version: '1.8.2',
48 silly resolved     description: 'The browser package manager',
48 silly resolved     author: { name: 'Twitter' },
48 silly resolved     license: 'MIT',
48 silly resolved     repository: { type: 'git', url: 'git+https://github.com/bower/bower.git' },
48 silly resolved     main: 'lib',
48 silly resolved     bin: { bower: 'bin/bower' },
48 silly resolved     homepage: 'http://bower.io',
48 silly resolved     engines: { node: '>=0.10.0' },
48 silly resolved     keywords: [ 'bower' ],
48 silly resolved     files: [ 'bin', 'lib' ],
48 silly resolved     bugs: { url: 'https://github.com/bower/bower/issues' },
48 silly resolved     _id: 'bower@1.8.2',
48 silly resolved     scripts: {},
48 silly resolved     _shasum: 'adf53529c8d4af02ef24fb8d5341c1419d33e2f7',
48 silly resolved     _from: 'bower@',
48 silly resolved     _npmVersion: '2.15.12',
48 silly resolved     _nodeVersion: '8.1.2',
48 silly resolved     _npmUser: { name: 'sheerun', email: 'sheerun@sher.pl' },
48 silly resolved     dist:
48 silly resolved      { shasum: 'adf53529c8d4af02ef24fb8d5341c1419d33e2f7',
48 silly resolved        tarball: 'https://registry.npmjs.org/bower/-/bower-1.8.2.tgz' },
48 silly resolved     maintainers:
48 silly resolved      [ [Object],
48 silly resolved        [Object],
48 silly resolved        [Object],
48 silly resolved        [Object],
48 silly resolved        [Object],
48 silly resolved        [Object],
48 silly resolved        [Object] ],
48 silly resolved     _npmOperationalInternal:
48 silly resolved      { host: 's3://npm-registry-packages',
48 silly resolved        tmp: 'tmp/bower-1.8.2.tgz_1505321164570_0.8209205863531679' },
48 silly resolved     directories: {},
48 silly resolved     deprecated: '...psst! Your project can stop working at any moment because its dependencies can change. Prevent this by migrating to Yarn: https://bower.io/blog/2017/how-to-migrate-away-from-bower/',
48 silly resolved     _resolved: 'https://registry.npmjs.org/bower/-/bower-1.8.2.tgz' } ]
49 info install bower@1.8.2 into /usr/lib
50 info installOne bower@1.8.2
51 verbose lib/node_modules/bower unbuild
52 verbose tar unpack /home/vinh/.npm/bower/1.8.2/package.tgz
53 silly lockFile 6f53a3f9-tar-usr-lib-node-modules-bower tar:///usr/lib/node_modules/bower
54 verbose lock tar:///usr/lib/node_modules/bower /home/vinh/.npm/6f53a3f9-tar-usr-lib-node-modules-bower.lock
55 silly lockFile 8004214d-vinh-npm-bower-1-8-2-package-tgz tar:///home/vinh/.npm/bower/1.8.2/package.tgz
56 verbose lock tar:///home/vinh/.npm/bower/1.8.2/package.tgz /home/vinh/.npm/8004214d-vinh-npm-bower-1-8-2-package-tgz.lock
57 silly gunzTarPerm modes [ '775', '664' ]
58 error Error: EACCES, mkdir '/usr/lib/node_modules/bower'
58 error  { [Error: EACCES, mkdir '/usr/lib/node_modules/bower']
58 error   errno: 3,
58 error   code: 'EACCES',
58 error   path: '/usr/lib/node_modules/bower',
58 error   fstream_type: 'Directory',
58 error   fstream_path: '/usr/lib/node_modules/bower',
58 error   fstream_class: 'DirWriter',
58 error   fstream_stack:
58 error    [ '/usr/lib/node_modules/npm/node_modules/fstream/lib/dir-writer.js:36:23',
58 error      '/usr/lib/node_modules/npm/node_modules/mkdirp/index.js:46:53',
58 error      'Object.oncomplete (fs.js:108:15)' ] }
59 error Please try running this command again as root/Administrator.
60 error System Linux 3.19.0-25-generic
61 error command "/usr/bin/node" "/usr/bin/npm" "install" "bower" "-g"
62 error cwd /home/vinh/kaisha_review
63 error node -v v0.10.37
64 error npm -v 1.4.28
65 error path /usr/lib/node_modules/bower
66 error fstream_path /usr/lib/node_modules/bower
67 error fstream_type Directory
68 error fstream_class DirWriter
69 error code EACCES
70 error errno 3
71 error stack Error: EACCES, mkdir '/usr/lib/node_modules/bower'
72 error fstream_stack /usr/lib/node_modules/npm/node_modules/fstream/lib/dir-writer.js:36:23
72 error fstream_stack /usr/lib/node_modules/npm/node_modules/mkdirp/index.js:46:53
72 error fstream_stack Object.oncomplete (fs.js:108:15)
73 verbose exit [ 3, true ]
